Analysis & Synthesis report for adc
Mon Jun 19 15:18:23 2023
Quartus Prime Version 21.1.1 Build 850 06/23/2022 SJ Lite Edition


---------------------
; Table of Contents ;
---------------------
  1. Legal Notice
  2. Analysis & Synthesis Summary
  3. Analysis & Synthesis Settings
  4. Parallel Compilation
  5. Analysis & Synthesis Source Files Read
  6. Analysis & Synthesis Resource Usage Summary
  7. Analysis & Synthesis Resource Utilization by Entity
  8. State Machine - |DE1_SOC_golden_top|controle_adc:myadc|estado
  9. Registers Removed During Synthesis
 10. General Register Statistics
 11. Multiplexer Restructuring Statistics (Restructuring Performed)
 12. Post-Synthesis Netlist Statistics for Top Partition
 13. Elapsed Time Per Partition
 14. Analysis & Synthesis Messages
 15. Analysis & Synthesis Suppressed Messages



----------------
; Legal Notice ;
----------------
Copyright (C) 2022  Intel Corporation. All rights reserved.
Your use of Intel Corporation's design tools, logic functions 
and other software and tools, and any partner logic 
functions, and any output files from any of the foregoing 
(including device programming or simulation files), and any 
associated documentation or information are expressly subject 
to the terms and conditions of the Intel Program License 
Subscription Agreement, the Intel Quartus Prime License Agreement,
the Intel FPGA IP License Agreement, or other applicable license
agreement, including, without limitation, that your use is for
the sole purpose of programming logic devices manufactured by
Intel and sold by Intel or its authorized distributors.  Please
refer to the applicable agreement for further details, at
https://fpgasoftware.intel.com/eula.



+-------------------------------------------------------------------------------+
; Analysis & Synthesis Summary                                                  ;
+---------------------------------+---------------------------------------------+
; Analysis & Synthesis Status     ; Successful - Mon Jun 19 15:18:23 2023       ;
; Quartus Prime Version           ; 21.1.1 Build 850 06/23/2022 SJ Lite Edition ;
; Revision Name                   ; adc                                         ;
; Top-level Entity Name           ; DE1_SOC_golden_top                          ;
; Family                          ; Cyclone V                                   ;
; Logic utilization (in ALMs)     ; N/A                                         ;
; Total registers                 ; 54                                          ;
; Total pins                      ; 241                                         ;
; Total virtual pins              ; 0                                           ;
; Total block memory bits         ; 0                                           ;
; Total DSP Blocks                ; 0                                           ;
; Total HSSI RX PCSs              ; 0                                           ;
; Total HSSI PMA RX Deserializers ; 0                                           ;
; Total HSSI TX PCSs              ; 0                                           ;
; Total HSSI PMA TX Serializers   ; 0                                           ;
; Total PLLs                      ; 0                                           ;
; Total DLLs                      ; 0                                           ;
+---------------------------------+---------------------------------------------+


+---------------------------------------------------------------------------------------------------------------------------+
; Analysis & Synthesis Settings                                                                                             ;
+---------------------------------------------------------------------------------+--------------------+--------------------+
; Option                                                                          ; Setting            ; Default Value      ;
+---------------------------------------------------------------------------------+--------------------+--------------------+
; Device                                                                          ; 5CSEMA5F31C6       ;                    ;
; Top-level entity name                                                           ; DE1_SOC_golden_top ; adc                ;
; Family name                                                                     ; Cyclone V          ; Cyclone V          ;
; Use smart compilation                                                           ; Off                ; Off                ;
; Enable parallel Assembler and Timing Analyzer during compilation                ; On                 ; On                 ;
; Enable compact report table                                                     ; Off                ; Off                ;
; Restructure Multiplexers                                                        ; Auto               ; Auto               ;
; MLAB Add Timing Constraints For Mixed-Port Feed-Through Mode Setting Don't Care ; Off                ; Off                ;
; Create Debugging Nodes for IP Cores                                             ; Off                ; Off                ;
; Preserve fewer node names                                                       ; On                 ; On                 ;
; Intel FPGA IP Evaluation Mode                                                   ; Enable             ; Enable             ;
; Verilog Version                                                                 ; Verilog_2001       ; Verilog_2001       ;
; VHDL Version                                                                    ; VHDL_1993          ; VHDL_1993          ;
; State Machine Processing                                                        ; Auto               ; Auto               ;
; Safe State Machine                                                              ; Off                ; Off                ;
; Extract Verilog State Machines                                                  ; On                 ; On                 ;
; Extract VHDL State Machines                                                     ; On                 ; On                 ;
; Ignore Verilog initial constructs                                               ; Off                ; Off                ;
; Iteration limit for constant Verilog loops                                      ; 5000               ; 5000               ;
; Iteration limit for non-constant Verilog loops                                  ; 250                ; 250                ;
; Add Pass-Through Logic to Inferred RAMs                                         ; On                 ; On                 ;
; Infer RAMs from Raw Logic                                                       ; On                 ; On                 ;
; Parallel Synthesis                                                              ; On                 ; On                 ;
; DSP Block Balancing                                                             ; Auto               ; Auto               ;
; NOT Gate Push-Back                                                              ; On                 ; On                 ;
; Power-Up Don't Care                                                             ; On                 ; On                 ;
; Remove Redundant Logic Cells                                                    ; Off                ; Off                ;
; Remove Duplicate Registers                                                      ; On                 ; On                 ;
; Ignore CARRY Buffers                                                            ; Off                ; Off                ;
; Ignore CASCADE Buffers                                                          ; Off                ; Off                ;
; Ignore GLOBAL Buffers                                                           ; Off                ; Off                ;
; Ignore ROW GLOBAL Buffers                                                       ; Off                ; Off                ;
; Ignore LCELL Buffers                                                            ; Off                ; Off                ;
; Ignore SOFT Buffers                                                             ; On                 ; On                 ;
; Limit AHDL Integers to 32 Bits                                                  ; Off                ; Off                ;
; Optimization Technique                                                          ; Balanced           ; Balanced           ;
; Carry Chain Length                                                              ; 70                 ; 70                 ;
; Auto Carry Chains                                                               ; On                 ; On                 ;
; Auto Open-Drain Pins                                                            ; On                 ; On                 ;
; Perform WYSIWYG Primitive Resynthesis                                           ; Off                ; Off                ;
; Auto ROM Replacement                                                            ; On                 ; On                 ;
; Auto RAM Replacement                                                            ; On                 ; On                 ;
; Auto DSP Block Replacement                                                      ; On                 ; On                 ;
; Auto Shift Register Replacement                                                 ; Auto               ; Auto               ;
; Allow Shift Register Merging across Hierarchies                                 ; Auto               ; Auto               ;
; Auto Clock Enable Replacement                                                   ; On                 ; On                 ;
; Strict RAM Replacement                                                          ; Off                ; Off                ;
; Allow Synchronous Control Signals                                               ; On                 ; On                 ;
; Force Use of Synchronous Clear Signals                                          ; Off                ; Off                ;
; Auto Resource Sharing                                                           ; Off                ; Off                ;
; Allow Any RAM Size For Recognition                                              ; Off                ; Off                ;
; Allow Any ROM Size For Recognition                                              ; Off                ; Off                ;
; Allow Any Shift Register Size For Recognition                                   ; Off                ; Off                ;
; Use LogicLock Constraints during Resource Balancing                             ; On                 ; On                 ;
; Ignore translate_off and synthesis_off directives                               ; Off                ; Off                ;
; Timing-Driven Synthesis                                                         ; On                 ; On                 ;
; Report Parameter Settings                                                       ; On                 ; On                 ;
; Report Source Assignments                                                       ; On                 ; On                 ;
; Report Connectivity Checks                                                      ; On                 ; On                 ;
; Ignore Maximum Fan-Out Assignments                                              ; Off                ; Off                ;
; Synchronization Register Chain Length                                           ; 3                  ; 3                  ;
; Power Optimization During Synthesis                                             ; Normal compilation ; Normal compilation ;
; HDL message level                                                               ; Level2             ; Level2             ;
; Suppress Register Optimization Related Messages                                 ; Off                ; Off                ;
; Number of Removed Registers Reported in Synthesis Report                        ; 5000               ; 5000               ;
; Number of Swept Nodes Reported in Synthesis Report                              ; 5000               ; 5000               ;
; Number of Inverted Registers Reported in Synthesis Report                       ; 100                ; 100                ;
; Clock MUX Protection                                                            ; On                 ; On                 ;
; Auto Gated Clock Conversion                                                     ; Off                ; Off                ;
; Block Design Naming                                                             ; Auto               ; Auto               ;
; SDC constraint protection                                                       ; Off                ; Off                ;
; Synthesis Effort                                                                ; Auto               ; Auto               ;
; Shift Register Replacement - Allow Asynchronous Clear Signal                    ; On                 ; On                 ;
; Pre-Mapping Resynthesis Optimization                                            ; Off                ; Off                ;
; Analysis & Synthesis Message Level                                              ; Medium             ; Medium             ;
; Disable Register Merging Across Hierarchies                                     ; Auto               ; Auto               ;
; Resource Aware Inference For Block RAM                                          ; On                 ; On                 ;
; Automatic Parallel Synthesis                                                    ; On                 ; On                 ;
; Partial Reconfiguration Bitstream ID                                            ; Off                ; Off                ;
+---------------------------------------------------------------------------------+--------------------+--------------------+


+------------------------------------------+
; Parallel Compilation                     ;
+----------------------------+-------------+
; Processors                 ; Number      ;
+----------------------------+-------------+
; Number detected on machine ; 8           ;
; Maximum allowed            ; 8           ;
;                            ;             ;
; Average used               ; 1.00        ;
; Maximum used               ; 8           ;
;                            ;             ;
; Usage by Processor         ; % Time Used ;
;     Processor 1            ; 100.0%      ;
;     Processors 2-8         ;   0.0%      ;
+----------------------------+-------------+


+--------------------------------------------------------------------------------------------------------------------------------------------------------------------+
; Analysis & Synthesis Source Files Read                                                                                                                             ;
+----------------------------------+-----------------+------------------------------+----------------------------------------------------------------------+---------+
; File Name with User-Entered Path ; Used in Netlist ; File Type                    ; File Name with Absolute Path                                         ; Library ;
+----------------------------------+-----------------+------------------------------+----------------------------------------------------------------------+---------+
; DE1_SOC_golden_top.v             ; yes             ; User Verilog HDL File        ; C:/Users/Adriel Cassimiro/Documents/VFSD_proj03/DE1_SOC_golden_top.v ;         ;
; adc.sv                           ; yes             ; User SystemVerilog HDL File  ; C:/Users/Adriel Cassimiro/Documents/VFSD_proj03/adc.sv               ;         ;
; clk_1k.sv                        ; yes             ; User SystemVerilog HDL File  ; C:/Users/Adriel Cassimiro/Documents/VFSD_proj03/clk_1k.sv            ;         ;
; convHexa7Seg.sv                  ; yes             ; User SystemVerilog HDL File  ; C:/Users/Adriel Cassimiro/Documents/VFSD_proj03/convHexa7Seg.sv      ;         ;
+----------------------------------+-----------------+------------------------------+----------------------------------------------------------------------+---------+


+------------------------------------------------------------+
; Analysis & Synthesis Resource Usage Summary                ;
+---------------------------------------------+--------------+
; Resource                                    ; Usage        ;
+---------------------------------------------+--------------+
; Estimate of Logic utilization (ALMs needed) ; 46           ;
;                                             ;              ;
; Combinational ALUT usage for logic          ; 81           ;
;     -- 7 input functions                    ; 0            ;
;     -- 6 input functions                    ; 9            ;
;     -- 5 input functions                    ; 14           ;
;     -- 4 input functions                    ; 33           ;
;     -- <=3 input functions                  ; 25           ;
;                                             ;              ;
; Dedicated logic registers                   ; 54           ;
;                                             ;              ;
; I/O pins                                    ; 241          ;
;                                             ;              ;
; Total DSP Blocks                            ; 0            ;
;                                             ;              ;
; Maximum fan-out node                        ; KEY[0]~input ;
; Maximum fan-out                             ; 51           ;
; Total fan-out                               ; 857          ;
; Average fan-out                             ; 1.20         ;
+---------------------------------------------+--------------+


+------------------------------------------------------------------------------------------------------------------------------------------------------------------------------------------------------------------+
; Analysis & Synthesis Resource Utilization by Entity                                                                                                                                                              ;
+----------------------------+---------------------+---------------------------+-------------------+------------+------+--------------+----------------------------------------+--------------------+--------------+
; Compilation Hierarchy Node ; Combinational ALUTs ; Dedicated Logic Registers ; Block Memory Bits ; DSP Blocks ; Pins ; Virtual Pins ; Full Hierarchy Name                    ; Entity Name        ; Library Name ;
+----------------------------+---------------------+---------------------------+-------------------+------------+------+--------------+----------------------------------------+--------------------+--------------+
; |DE1_SOC_golden_top        ; 81 (0)              ; 54 (0)                    ; 0                 ; 0          ; 241  ; 0            ; |DE1_SOC_golden_top                    ; DE1_SOC_golden_top ; work         ;
;    |clk_1k:myclk|          ; 21 (21)             ; 17 (17)                   ; 0                 ; 0          ; 0    ; 0            ; |DE1_SOC_golden_top|clk_1k:myclk       ; clk_1k             ; work         ;
;    |controle_adc:myadc|    ; 39 (39)             ; 37 (37)                   ; 0                 ; 0          ; 0    ; 0            ; |DE1_SOC_golden_top|controle_adc:myadc ; controle_adc       ; work         ;
;    |convHexa7Seg:hex0|     ; 7 (7)               ; 0 (0)                     ; 0                 ; 0          ; 0    ; 0            ; |DE1_SOC_golden_top|convHexa7Seg:hex0  ; convHexa7Seg       ; work         ;
;    |convHexa7Seg:hex1|     ; 7 (7)               ; 0 (0)                     ; 0                 ; 0          ; 0    ; 0            ; |DE1_SOC_golden_top|convHexa7Seg:hex1  ; convHexa7Seg       ; work         ;
;    |convHexa7Seg:hex2|     ; 7 (7)               ; 0 (0)                     ; 0                 ; 0          ; 0    ; 0            ; |DE1_SOC_golden_top|convHexa7Seg:hex2  ; convHexa7Seg       ; work         ;
+----------------------------+---------------------+---------------------------+-------------------+------------+------+--------------+----------------------------------------+--------------------+--------------+
Note: For table entries with two numbers listed, the numbers in parentheses indicate the number of resources of the given type used by the specific entity alone. The numbers listed outside of parentheses indicate the total resources of the given type used by the specific entity and all of its sub-entities in the hierarchy.


Encoding Type:  One-Hot
+---------------------------------------------------------------+
; State Machine - |DE1_SOC_golden_top|controle_adc:myadc|estado ;
+---------------------+-----------------------------------------+
; Name                ; estado.transmitindo                     ;
+---------------------+-----------------------------------------+
; estado.convertendo  ; 0                                       ;
; estado.transmitindo ; 1                                       ;
+---------------------+-----------------------------------------+


+-----------------------------------------------------------------------------------+
; Registers Removed During Synthesis                                                ;
+---------------------------------------+-------------------------------------------+
; Register name                         ; Reason for Removal                        ;
+---------------------------------------+-------------------------------------------+
; controle_adc:myadc|contSDO[3]         ; Merged with controle_adc:myadc|contSDI[3] ;
; controle_adc:myadc|contSDO[2]         ; Merged with controle_adc:myadc|contSDI[2] ;
; controle_adc:myadc|contSDO[1]         ; Merged with controle_adc:myadc|contSDI[1] ;
; controle_adc:myadc|contSDO[0]         ; Merged with controle_adc:myadc|contSDI[0] ;
; controle_adc:myadc|contador[5]        ; Stuck at GND due to stuck port data_in    ;
; controle_adc:myadc|estado~5           ; Lost fanout                               ;
; Total Number of Removed Registers = 6 ;                                           ;
+---------------------------------------+-------------------------------------------+


+------------------------------------------------------+
; General Register Statistics                          ;
+----------------------------------------------+-------+
; Statistic                                    ; Value ;
+----------------------------------------------+-------+
; Total registers                              ; 54    ;
; Number of registers using Synchronous Clear  ; 16    ;
; Number of registers using Synchronous Load   ; 0     ;
; Number of registers using Asynchronous Clear ; 53    ;
; Number of registers using Asynchronous Load  ; 0     ;
; Number of registers using Clock Enable       ; 12    ;
; Number of registers using Preset             ; 0     ;
+----------------------------------------------+-------+


+-------------------------------------------------------------------------------------------------------------------------------------------------------------------------+
; Multiplexer Restructuring Statistics (Restructuring Performed)                                                                                                          ;
+--------------------+-----------+---------------+----------------------+------------------------+------------+-----------------------------------------------------------+
; Multiplexer Inputs ; Bus Width ; Baseline Area ; Area if Restructured ; Saving if Restructured ; Registered ; Example Multiplexer Output                                ;
+--------------------+-----------+---------------+----------------------+------------------------+------------+-----------------------------------------------------------+
; 4:1                ; 2 bits    ; 4 LEs         ; 4 LEs                ; 0 LEs                  ; No         ; |DE1_SOC_golden_top|controle_adc:myadc|estado.convertendo ;
+--------------------+-----------+---------------+----------------------+------------------------+------------+-----------------------------------------------------------+


+-----------------------------------------------------+
; Post-Synthesis Netlist Statistics for Top Partition ;
+-----------------------+-----------------------------+
; Type                  ; Count                       ;
+-----------------------+-----------------------------+
; arriav_ff             ; 54                          ;
;     CLR               ; 25                          ;
;     CLR SCLR          ; 16                          ;
;     ENA CLR           ; 12                          ;
;     plain             ; 1                           ;
; arriav_io_obuf        ; 96                          ;
; arriav_lcell_comb     ; 85                          ;
;     arith             ; 16                          ;
;         1 data inputs ; 16                          ;
;     normal            ; 69                          ;
;         0 data inputs ; 1                           ;
;         1 data inputs ; 3                           ;
;         2 data inputs ; 7                           ;
;         3 data inputs ; 2                           ;
;         4 data inputs ; 33                          ;
;         5 data inputs ; 14                          ;
;         6 data inputs ; 9                           ;
; boundary_port         ; 241                         ;
;                       ;                             ;
; Max LUT depth         ; 2.50                        ;
; Average LUT depth     ; 1.08                        ;
+-----------------------+-----------------------------+


+-------------------------------+
; Elapsed Time Per Partition    ;
+----------------+--------------+
; Partition Name ; Elapsed Time ;
+----------------+--------------+
; Top            ; 00:00:01     ;
+----------------+--------------+


+-------------------------------+
; Analysis & Synthesis Messages ;
+-------------------------------+
Info: *******************************************************************
Info: Running Quartus Prime Analysis & Synthesis
    Info: Version 21.1.1 Build 850 06/23/2022 SJ Lite Edition
    Info: Processing started: Mon Jun 19 15:18:04 2023
Info: Command: quartus_map --read_settings_files=on --write_settings_files=off adc -c adc
Warning (18236): Number of processors has not been specified which may cause overloading on shared machines.  Set the global assignment NUM_PARALLEL_PROCESSORS in your QSF to an appropriate value for best performance.
Info (20030): Parallel compilation is enabled and will use 8 of the 8 processors detected
Info (12021): Found 1 design units, including 1 entities, in source file de1_soc_golden_top.v
    Info (12023): Found entity 1: DE1_SOC_golden_top File: C:/Users/Adriel Cassimiro/Documents/VFSD_proj03/DE1_SOC_golden_top.v Line: 61
Info (12021): Found 1 design units, including 1 entities, in source file adc.sv
    Info (12023): Found entity 1: controle_adc File: C:/Users/Adriel Cassimiro/Documents/VFSD_proj03/adc.sv Line: 9
Info (12021): Found 1 design units, including 1 entities, in source file clk_1k.sv
    Info (12023): Found entity 1: clk_1k File: C:/Users/Adriel Cassimiro/Documents/VFSD_proj03/clk_1k.sv Line: 10
Info (12021): Found 1 design units, including 1 entities, in source file convhexa7seg.sv
    Info (12023): Found entity 1: convHexa7Seg File: C:/Users/Adriel Cassimiro/Documents/VFSD_proj03/convHexa7Seg.sv Line: 10
Info (12021): Found 1 design units, including 1 entities, in source file ltc_2308.sv
    Info (12023): Found entity 1: LTC2308_SPI File: C:/Users/Adriel Cassimiro/Documents/VFSD_proj03/LTC_2308.sv Line: 2
Info (12127): Elaborating entity "DE1_SOC_golden_top" for the top level hierarchy
Warning (10034): Output port "DRAM_ADDR" at DE1_SOC_golden_top.v(107) has no driver File: C:/Users/Adriel Cassimiro/Documents/VFSD_proj03/DE1_SOC_golden_top.v Line: 107
Warning (10034): Output port "DRAM_BA" at DE1_SOC_golden_top.v(108) has no driver File: C:/Users/Adriel Cassimiro/Documents/VFSD_proj03/DE1_SOC_golden_top.v Line: 108
Warning (10034): Output port "HEX3" at DE1_SOC_golden_top.v(143) has no driver File: C:/Users/Adriel Cassimiro/Documents/VFSD_proj03/DE1_SOC_golden_top.v Line: 143
Warning (10034): Output port "HEX4" at DE1_SOC_golden_top.v(144) has no driver File: C:/Users/Adriel Cassimiro/Documents/VFSD_proj03/DE1_SOC_golden_top.v Line: 144
Warning (10034): Output port "HEX5" at DE1_SOC_golden_top.v(145) has no driver File: C:/Users/Adriel Cassimiro/Documents/VFSD_proj03/DE1_SOC_golden_top.v Line: 145
Warning (10034): Output port "LEDR" at DE1_SOC_golden_top.v(217) has no driver File: C:/Users/Adriel Cassimiro/Documents/VFSD_proj03/DE1_SOC_golden_top.v Line: 217
Warning (10034): Output port "VGA_B" at DE1_SOC_golden_top.v(244) has no driver File: C:/Users/Adriel Cassimiro/Documents/VFSD_proj03/DE1_SOC_golden_top.v Line: 244
Warning (10034): Output port "VGA_G" at DE1_SOC_golden_top.v(247) has no driver File: C:/Users/Adriel Cassimiro/Documents/VFSD_proj03/DE1_SOC_golden_top.v Line: 247
Warning (10034): Output port "VGA_R" at DE1_SOC_golden_top.v(249) has no driver File: C:/Users/Adriel Cassimiro/Documents/VFSD_proj03/DE1_SOC_golden_top.v Line: 249
Warning (10034): Output port "AUD_DACDAT" at DE1_SOC_golden_top.v(79) has no driver File: C:/Users/Adriel Cassimiro/Documents/VFSD_proj03/DE1_SOC_golden_top.v Line: 79
Warning (10034): Output port "AUD_XCK" at DE1_SOC_golden_top.v(81) has no driver File: C:/Users/Adriel Cassimiro/Documents/VFSD_proj03/DE1_SOC_golden_top.v Line: 81
Warning (10034): Output port "DRAM_CAS_N" at DE1_SOC_golden_top.v(109) has no driver File: C:/Users/Adriel Cassimiro/Documents/VFSD_proj03/DE1_SOC_golden_top.v Line: 109
Warning (10034): Output port "DRAM_CKE" at DE1_SOC_golden_top.v(110) has no driver File: C:/Users/Adriel Cassimiro/Documents/VFSD_proj03/DE1_SOC_golden_top.v Line: 110
Warning (10034): Output port "DRAM_CLK" at DE1_SOC_golden_top.v(111) has no driver File: C:/Users/Adriel Cassimiro/Documents/VFSD_proj03/DE1_SOC_golden_top.v Line: 111
Warning (10034): Output port "DRAM_CS_N" at DE1_SOC_golden_top.v(112) has no driver File: C:/Users/Adriel Cassimiro/Documents/VFSD_proj03/DE1_SOC_golden_top.v Line: 112
Warning (10034): Output port "DRAM_LDQM" at DE1_SOC_golden_top.v(114) has no driver File: C:/Users/Adriel Cassimiro/Documents/VFSD_proj03/DE1_SOC_golden_top.v Line: 114
Warning (10034): Output port "DRAM_RAS_N" at DE1_SOC_golden_top.v(115) has no driver File: C:/Users/Adriel Cassimiro/Documents/VFSD_proj03/DE1_SOC_golden_top.v Line: 115
Warning (10034): Output port "DRAM_UDQM" at DE1_SOC_golden_top.v(116) has no driver File: C:/Users/Adriel Cassimiro/Documents/VFSD_proj03/DE1_SOC_golden_top.v Line: 116
Warning (10034): Output port "DRAM_WE_N" at DE1_SOC_golden_top.v(117) has no driver File: C:/Users/Adriel Cassimiro/Documents/VFSD_proj03/DE1_SOC_golden_top.v Line: 117
Warning (10034): Output port "FAN_CTRL" at DE1_SOC_golden_top.v(122) has no driver File: C:/Users/Adriel Cassimiro/Documents/VFSD_proj03/DE1_SOC_golden_top.v Line: 122
Warning (10034): Output port "FPGA_I2C_SCLK" at DE1_SOC_golden_top.v(127) has no driver File: C:/Users/Adriel Cassimiro/Documents/VFSD_proj03/DE1_SOC_golden_top.v Line: 127
Warning (10034): Output port "IRDA_TXD" at DE1_SOC_golden_top.v(207) has no driver File: C:/Users/Adriel Cassimiro/Documents/VFSD_proj03/DE1_SOC_golden_top.v Line: 207
Warning (10034): Output port "TD_RESET_N" at DE1_SOC_golden_top.v(238) has no driver File: C:/Users/Adriel Cassimiro/Documents/VFSD_proj03/DE1_SOC_golden_top.v Line: 238
Warning (10034): Output port "VGA_BLANK_N" at DE1_SOC_golden_top.v(245) has no driver File: C:/Users/Adriel Cassimiro/Documents/VFSD_proj03/DE1_SOC_golden_top.v Line: 245
Warning (10034): Output port "VGA_CLK" at DE1_SOC_golden_top.v(246) has no driver File: C:/Users/Adriel Cassimiro/Documents/VFSD_proj03/DE1_SOC_golden_top.v Line: 246
Warning (10034): Output port "VGA_HS" at DE1_SOC_golden_top.v(248) has no driver File: C:/Users/Adriel Cassimiro/Documents/VFSD_proj03/DE1_SOC_golden_top.v Line: 248
Warning (10034): Output port "VGA_SYNC_N" at DE1_SOC_golden_top.v(250) has no driver File: C:/Users/Adriel Cassimiro/Documents/VFSD_proj03/DE1_SOC_golden_top.v Line: 250
Warning (10034): Output port "VGA_VS" at DE1_SOC_golden_top.v(253) has no driver File: C:/Users/Adriel Cassimiro/Documents/VFSD_proj03/DE1_SOC_golden_top.v Line: 253
Info (12128): Elaborating entity "clk_1k" for hierarchy "clk_1k:myclk" File: C:/Users/Adriel Cassimiro/Documents/VFSD_proj03/DE1_SOC_golden_top.v Line: 263
Warning (10230): Verilog HDL assignment warning at clk_1k.sv(28): truncated value with size 32 to match size of target (16) File: C:/Users/Adriel Cassimiro/Documents/VFSD_proj03/clk_1k.sv Line: 28
Info (12128): Elaborating entity "controle_adc" for hierarchy "controle_adc:myadc" File: C:/Users/Adriel Cassimiro/Documents/VFSD_proj03/DE1_SOC_golden_top.v Line: 274
Warning (10230): Verilog HDL assignment warning at adc.sv(43): truncated value with size 32 to match size of target (6) File: C:/Users/Adriel Cassimiro/Documents/VFSD_proj03/adc.sv Line: 43
Warning (10230): Verilog HDL assignment warning at adc.sv(104): truncated value with size 32 to match size of target (4) File: C:/Users/Adriel Cassimiro/Documents/VFSD_proj03/adc.sv Line: 104
Warning (10230): Verilog HDL assignment warning at adc.sv(152): truncated value with size 32 to match size of target (4) File: C:/Users/Adriel Cassimiro/Documents/VFSD_proj03/adc.sv Line: 152
Info (12128): Elaborating entity "convHexa7Seg" for hierarchy "convHexa7Seg:hex0" File: C:/Users/Adriel Cassimiro/Documents/VFSD_proj03/DE1_SOC_golden_top.v Line: 280
Warning (13039): The following bidirectional pins have no drivers
    Warning (13040): bidirectional pin "AUD_ADCLRCK" has no driver File: C:/Users/Adriel Cassimiro/Documents/VFSD_proj03/DE1_SOC_golden_top.v Line: 77
    Warning (13040): bidirectional pin "AUD_BCLK" has no driver File: C:/Users/Adriel Cassimiro/Documents/VFSD_proj03/DE1_SOC_golden_top.v Line: 78
    Warning (13040): bidirectional pin "AUD_DACLRCK" has no driver File: C:/Users/Adriel Cassimiro/Documents/VFSD_proj03/DE1_SOC_golden_top.v Line: 80
    Warning (13040): bidirectional pin "DRAM_DQ[0]" has no driver File: C:/Users/Adriel Cassimiro/Documents/VFSD_proj03/DE1_SOC_golden_top.v Line: 113
    Warning (13040): bidirectional pin "DRAM_DQ[1]" has no driver File: C:/Users/Adriel Cassimiro/Documents/VFSD_proj03/DE1_SOC_golden_top.v Line: 113
    Warning (13040): bidirectional pin "DRAM_DQ[2]" has no driver File: C:/Users/Adriel Cassimiro/Documents/VFSD_proj03/DE1_SOC_golden_top.v Line: 113
    Warning (13040): bidirectional pin "DRAM_DQ[3]" has no driver File: C:/Users/Adriel Cassimiro/Documents/VFSD_proj03/DE1_SOC_golden_top.v Line: 113
    Warning (13040): bidirectional pin "DRAM_DQ[4]" has no driver File: C:/Users/Adriel Cassimiro/Documents/VFSD_proj03/DE1_SOC_golden_top.v Line: 113
    Warning (13040): bidirectional pin "DRAM_DQ[5]" has no driver File: C:/Users/Adriel Cassimiro/Documents/VFSD_proj03/DE1_SOC_golden_top.v Line: 113
    Warning (13040): bidirectional pin "DRAM_DQ[6]" has no driver File: C:/Users/Adriel Cassimiro/Documents/VFSD_proj03/DE1_SOC_golden_top.v Line: 113
    Warning (13040): bidirectional pin "DRAM_DQ[7]" has no driver File: C:/Users/Adriel Cassimiro/Documents/VFSD_proj03/DE1_SOC_golden_top.v Line: 113
    Warning (13040): bidirectional pin "DRAM_DQ[8]" has no driver File: C:/Users/Adriel Cassimiro/Documents/VFSD_proj03/DE1_SOC_golden_top.v Line: 113
    Warning (13040): bidirectional pin "DRAM_DQ[9]" has no driver File: C:/Users/Adriel Cassimiro/Documents/VFSD_proj03/DE1_SOC_golden_top.v Line: 113
    Warning (13040): bidirectional pin "DRAM_DQ[10]" has no driver File: C:/Users/Adriel Cassimiro/Documents/VFSD_proj03/DE1_SOC_golden_top.v Line: 113
    Warning (13040): bidirectional pin "DRAM_DQ[11]" has no driver File: C:/Users/Adriel Cassimiro/Documents/VFSD_proj03/DE1_SOC_golden_top.v Line: 113
    Warning (13040): bidirectional pin "DRAM_DQ[12]" has no driver File: C:/Users/Adriel Cassimiro/Documents/VFSD_proj03/DE1_SOC_golden_top.v Line: 113
    Warning (13040): bidirectional pin "DRAM_DQ[13]" has no driver File: C:/Users/Adriel Cassimiro/Documents/VFSD_proj03/DE1_SOC_golden_top.v Line: 113
    Warning (13040): bidirectional pin "DRAM_DQ[14]" has no driver File: C:/Users/Adriel Cassimiro/Documents/VFSD_proj03/DE1_SOC_golden_top.v Line: 113
    Warning (13040): bidirectional pin "DRAM_DQ[15]" has no driver File: C:/Users/Adriel Cassimiro/Documents/VFSD_proj03/DE1_SOC_golden_top.v Line: 113
    Warning (13040): bidirectional pin "FPGA_I2C_SDAT" has no driver File: C:/Users/Adriel Cassimiro/Documents/VFSD_proj03/DE1_SOC_golden_top.v Line: 128
    Warning (13040): bidirectional pin "GPIO_0[0]" has no driver File: C:/Users/Adriel Cassimiro/Documents/VFSD_proj03/DE1_SOC_golden_top.v Line: 133
    Warning (13040): bidirectional pin "GPIO_0[1]" has no driver File: C:/Users/Adriel Cassimiro/Documents/VFSD_proj03/DE1_SOC_golden_top.v Line: 133
    Warning (13040): bidirectional pin "GPIO_0[2]" has no driver File: C:/Users/Adriel Cassimiro/Documents/VFSD_proj03/DE1_SOC_golden_top.v Line: 133
    Warning (13040): bidirectional pin "GPIO_0[3]" has no driver File: C:/Users/Adriel Cassimiro/Documents/VFSD_proj03/DE1_SOC_golden_top.v Line: 133
    Warning (13040): bidirectional pin "GPIO_0[4]" has no driver File: C:/Users/Adriel Cassimiro/Documents/VFSD_proj03/DE1_SOC_golden_top.v Line: 133
    Warning (13040): bidirectional pin "GPIO_0[5]" has no driver File: C:/Users/Adriel Cassimiro/Documents/VFSD_proj03/DE1_SOC_golden_top.v Line: 133
    Warning (13040): bidirectional pin "GPIO_0[6]" has no driver File: C:/Users/Adriel Cassimiro/Documents/VFSD_proj03/DE1_SOC_golden_top.v Line: 133
    Warning (13040): bidirectional pin "GPIO_0[7]" has no driver File: C:/Users/Adriel Cassimiro/Documents/VFSD_proj03/DE1_SOC_golden_top.v Line: 133
    Warning (13040): bidirectional pin "GPIO_0[8]" has no driver File: C:/Users/Adriel Cassimiro/Documents/VFSD_proj03/DE1_SOC_golden_top.v Line: 133
    Warning (13040): bidirectional pin "GPIO_0[9]" has no driver File: C:/Users/Adriel Cassimiro/Documents/VFSD_proj03/DE1_SOC_golden_top.v Line: 133
    Warning (13040): bidirectional pin "GPIO_0[10]" has no driver File: C:/Users/Adriel Cassimiro/Documents/VFSD_proj03/DE1_SOC_golden_top.v Line: 133
    Warning (13040): bidirectional pin "GPIO_0[11]" has no driver File: C:/Users/Adriel Cassimiro/Documents/VFSD_proj03/DE1_SOC_golden_top.v Line: 133
    Warning (13040): bidirectional pin "GPIO_0[12]" has no driver File: C:/Users/Adriel Cassimiro/Documents/VFSD_proj03/DE1_SOC_golden_top.v Line: 133
    Warning (13040): bidirectional pin "GPIO_0[13]" has no driver File: C:/Users/Adriel Cassimiro/Documents/VFSD_proj03/DE1_SOC_golden_top.v Line: 133
    Warning (13040): bidirectional pin "GPIO_0[14]" has no driver File: C:/Users/Adriel Cassimiro/Documents/VFSD_proj03/DE1_SOC_golden_top.v Line: 133
    Warning (13040): bidirectional pin "GPIO_0[15]" has no driver File: C:/Users/Adriel Cassimiro/Documents/VFSD_proj03/DE1_SOC_golden_top.v Line: 133
    Warning (13040): bidirectional pin "GPIO_0[16]" has no driver File: C:/Users/Adriel Cassimiro/Documents/VFSD_proj03/DE1_SOC_golden_top.v Line: 133
    Warning (13040): bidirectional pin "GPIO_0[17]" has no driver File: C:/Users/Adriel Cassimiro/Documents/VFSD_proj03/DE1_SOC_golden_top.v Line: 133
    Warning (13040): bidirectional pin "GPIO_0[18]" has no driver File: C:/Users/Adriel Cassimiro/Documents/VFSD_proj03/DE1_SOC_golden_top.v Line: 133
    Warning (13040): bidirectional pin "GPIO_0[19]" has no driver File: C:/Users/Adriel Cassimiro/Documents/VFSD_proj03/DE1_SOC_golden_top.v Line: 133
    Warning (13040): bidirectional pin "GPIO_0[20]" has no driver File: C:/Users/Adriel Cassimiro/Documents/VFSD_proj03/DE1_SOC_golden_top.v Line: 133
    Warning (13040): bidirectional pin "GPIO_0[21]" has no driver File: C:/Users/Adriel Cassimiro/Documents/VFSD_proj03/DE1_SOC_golden_top.v Line: 133
    Warning (13040): bidirectional pin "GPIO_0[22]" has no driver File: C:/Users/Adriel Cassimiro/Documents/VFSD_proj03/DE1_SOC_golden_top.v Line: 133
    Warning (13040): bidirectional pin "GPIO_0[23]" has no driver File: C:/Users/Adriel Cassimiro/Documents/VFSD_proj03/DE1_SOC_golden_top.v Line: 133
    Warning (13040): bidirectional pin "GPIO_0[24]" has no driver File: C:/Users/Adriel Cassimiro/Documents/VFSD_proj03/DE1_SOC_golden_top.v Line: 133
    Warning (13040): bidirectional pin "GPIO_0[25]" has no driver File: C:/Users/Adriel Cassimiro/Documents/VFSD_proj03/DE1_SOC_golden_top.v Line: 133
    Warning (13040): bidirectional pin "GPIO_0[26]" has no driver File: C:/Users/Adriel Cassimiro/Documents/VFSD_proj03/DE1_SOC_golden_top.v Line: 133
    Warning (13040): bidirectional pin "GPIO_0[27]" has no driver File: C:/Users/Adriel Cassimiro/Documents/VFSD_proj03/DE1_SOC_golden_top.v Line: 133
    Warning (13040): bidirectional pin "GPIO_0[28]" has no driver File: C:/Users/Adriel Cassimiro/Documents/VFSD_proj03/DE1_SOC_golden_top.v Line: 133
    Warning (13040): bidirectional pin "GPIO_0[29]" has no driver File: C:/Users/Adriel Cassimiro/Documents/VFSD_proj03/DE1_SOC_golden_top.v Line: 133
    Warning (13040): bidirectional pin "GPIO_0[30]" has no driver File: C:/Users/Adriel Cassimiro/Documents/VFSD_proj03/DE1_SOC_golden_top.v Line: 133
    Warning (13040): bidirectional pin "GPIO_0[31]" has no driver File: C:/Users/Adriel Cassimiro/Documents/VFSD_proj03/DE1_SOC_golden_top.v Line: 133
    Warning (13040): bidirectional pin "GPIO_0[32]" has no driver File: C:/Users/Adriel Cassimiro/Documents/VFSD_proj03/DE1_SOC_golden_top.v Line: 133
    Warning (13040): bidirectional pin "GPIO_0[33]" has no driver File: C:/Users/Adriel Cassimiro/Documents/VFSD_proj03/DE1_SOC_golden_top.v Line: 133
    Warning (13040): bidirectional pin "GPIO_0[34]" has no driver File: C:/Users/Adriel Cassimiro/Documents/VFSD_proj03/DE1_SOC_golden_top.v Line: 133
    Warning (13040): bidirectional pin "GPIO_0[35]" has no driver File: C:/Users/Adriel Cassimiro/Documents/VFSD_proj03/DE1_SOC_golden_top.v Line: 133
    Warning (13040): bidirectional pin "GPIO_1[0]" has no driver File: C:/Users/Adriel Cassimiro/Documents/VFSD_proj03/DE1_SOC_golden_top.v Line: 134
    Warning (13040): bidirectional pin "GPIO_1[1]" has no driver File: C:/Users/Adriel Cassimiro/Documents/VFSD_proj03/DE1_SOC_golden_top.v Line: 134
    Warning (13040): bidirectional pin "GPIO_1[2]" has no driver File: C:/Users/Adriel Cassimiro/Documents/VFSD_proj03/DE1_SOC_golden_top.v Line: 134
    Warning (13040): bidirectional pin "GPIO_1[3]" has no driver File: C:/Users/Adriel Cassimiro/Documents/VFSD_proj03/DE1_SOC_golden_top.v Line: 134
    Warning (13040): bidirectional pin "GPIO_1[4]" has no driver File: C:/Users/Adriel Cassimiro/Documents/VFSD_proj03/DE1_SOC_golden_top.v Line: 134
    Warning (13040): bidirectional pin "GPIO_1[5]" has no driver File: C:/Users/Adriel Cassimiro/Documents/VFSD_proj03/DE1_SOC_golden_top.v Line: 134
    Warning (13040): bidirectional pin "GPIO_1[6]" has no driver File: C:/Users/Adriel Cassimiro/Documents/VFSD_proj03/DE1_SOC_golden_top.v Line: 134
    Warning (13040): bidirectional pin "GPIO_1[7]" has no driver File: C:/Users/Adriel Cassimiro/Documents/VFSD_proj03/DE1_SOC_golden_top.v Line: 134
    Warning (13040): bidirectional pin "GPIO_1[8]" has no driver File: C:/Users/Adriel Cassimiro/Documents/VFSD_proj03/DE1_SOC_golden_top.v Line: 134
    Warning (13040): bidirectional pin "GPIO_1[9]" has no driver File: C:/Users/Adriel Cassimiro/Documents/VFSD_proj03/DE1_SOC_golden_top.v Line: 134
    Warning (13040): bidirectional pin "GPIO_1[10]" has no driver File: C:/Users/Adriel Cassimiro/Documents/VFSD_proj03/DE1_SOC_golden_top.v Line: 134
    Warning (13040): bidirectional pin "GPIO_1[11]" has no driver File: C:/Users/Adriel Cassimiro/Documents/VFSD_proj03/DE1_SOC_golden_top.v Line: 134
    Warning (13040): bidirectional pin "GPIO_1[12]" has no driver File: C:/Users/Adriel Cassimiro/Documents/VFSD_proj03/DE1_SOC_golden_top.v Line: 134
    Warning (13040): bidirectional pin "GPIO_1[13]" has no driver File: C:/Users/Adriel Cassimiro/Documents/VFSD_proj03/DE1_SOC_golden_top.v Line: 134
    Warning (13040): bidirectional pin "GPIO_1[14]" has no driver File: C:/Users/Adriel Cassimiro/Documents/VFSD_proj03/DE1_SOC_golden_top.v Line: 134
    Warning (13040): bidirectional pin "GPIO_1[15]" has no driver File: C:/Users/Adriel Cassimiro/Documents/VFSD_proj03/DE1_SOC_golden_top.v Line: 134
    Warning (13040): bidirectional pin "GPIO_1[16]" has no driver File: C:/Users/Adriel Cassimiro/Documents/VFSD_proj03/DE1_SOC_golden_top.v Line: 134
    Warning (13040): bidirectional pin "GPIO_1[17]" has no driver File: C:/Users/Adriel Cassimiro/Documents/VFSD_proj03/DE1_SOC_golden_top.v Line: 134
    Warning (13040): bidirectional pin "GPIO_1[18]" has no driver File: C:/Users/Adriel Cassimiro/Documents/VFSD_proj03/DE1_SOC_golden_top.v Line: 134
    Warning (13040): bidirectional pin "GPIO_1[19]" has no driver File: C:/Users/Adriel Cassimiro/Documents/VFSD_proj03/DE1_SOC_golden_top.v Line: 134
    Warning (13040): bidirectional pin "GPIO_1[20]" has no driver File: C:/Users/Adriel Cassimiro/Documents/VFSD_proj03/DE1_SOC_golden_top.v Line: 134
    Warning (13040): bidirectional pin "GPIO_1[21]" has no driver File: C:/Users/Adriel Cassimiro/Documents/VFSD_proj03/DE1_SOC_golden_top.v Line: 134
    Warning (13040): bidirectional pin "GPIO_1[22]" has no driver File: C:/Users/Adriel Cassimiro/Documents/VFSD_proj03/DE1_SOC_golden_top.v Line: 134
    Warning (13040): bidirectional pin "GPIO_1[23]" has no driver File: C:/Users/Adriel Cassimiro/Documents/VFSD_proj03/DE1_SOC_golden_top.v Line: 134
    Warning (13040): bidirectional pin "GPIO_1[24]" has no driver File: C:/Users/Adriel Cassimiro/Documents/VFSD_proj03/DE1_SOC_golden_top.v Line: 134
    Warning (13040): bidirectional pin "GPIO_1[25]" has no driver File: C:/Users/Adriel Cassimiro/Documents/VFSD_proj03/DE1_SOC_golden_top.v Line: 134
    Warning (13040): bidirectional pin "GPIO_1[26]" has no driver File: C:/Users/Adriel Cassimiro/Documents/VFSD_proj03/DE1_SOC_golden_top.v Line: 134
    Warning (13040): bidirectional pin "GPIO_1[27]" has no driver File: C:/Users/Adriel Cassimiro/Documents/VFSD_proj03/DE1_SOC_golden_top.v Line: 134
    Warning (13040): bidirectional pin "GPIO_1[28]" has no driver File: C:/Users/Adriel Cassimiro/Documents/VFSD_proj03/DE1_SOC_golden_top.v Line: 134
    Warning (13040): bidirectional pin "GPIO_1[29]" has no driver File: C:/Users/Adriel Cassimiro/Documents/VFSD_proj03/DE1_SOC_golden_top.v Line: 134
    Warning (13040): bidirectional pin "GPIO_1[30]" has no driver File: C:/Users/Adriel Cassimiro/Documents/VFSD_proj03/DE1_SOC_golden_top.v Line: 134
    Warning (13040): bidirectional pin "GPIO_1[31]" has no driver File: C:/Users/Adriel Cassimiro/Documents/VFSD_proj03/DE1_SOC_golden_top.v Line: 134
    Warning (13040): bidirectional pin "GPIO_1[32]" has no driver File: C:/Users/Adriel Cassimiro/Documents/VFSD_proj03/DE1_SOC_golden_top.v Line: 134
    Warning (13040): bidirectional pin "GPIO_1[33]" has no driver File: C:/Users/Adriel Cassimiro/Documents/VFSD_proj03/DE1_SOC_golden_top.v Line: 134
    Warning (13040): bidirectional pin "GPIO_1[34]" has no driver File: C:/Users/Adriel Cassimiro/Documents/VFSD_proj03/DE1_SOC_golden_top.v Line: 134
    Warning (13040): bidirectional pin "GPIO_1[35]" has no driver File: C:/Users/Adriel Cassimiro/Documents/VFSD_proj03/DE1_SOC_golden_top.v Line: 134
    Warning (13040): bidirectional pin "PS2_CLK" has no driver File: C:/Users/Adriel Cassimiro/Documents/VFSD_proj03/DE1_SOC_golden_top.v Line: 222
    Warning (13040): bidirectional pin "PS2_CLK2" has no driver File: C:/Users/Adriel Cassimiro/Documents/VFSD_proj03/DE1_SOC_golden_top.v Line: 223
    Warning (13040): bidirectional pin "PS2_DAT" has no driver File: C:/Users/Adriel Cassimiro/Documents/VFSD_proj03/DE1_SOC_golden_top.v Line: 224
    Warning (13040): bidirectional pin "PS2_DAT2" has no driver File: C:/Users/Adriel Cassimiro/Documents/VFSD_proj03/DE1_SOC_golden_top.v Line: 225
Warning (13024): Output pins are stuck at VCC or GND
    Warning (13410): Pin "AUD_DACDAT" is stuck at GND File: C:/Users/Adriel Cassimiro/Documents/VFSD_proj03/DE1_SOC_golden_top.v Line: 79
    Warning (13410): Pin "AUD_XCK" is stuck at GND File: C:/Users/Adriel Cassimiro/Documents/VFSD_proj03/DE1_SOC_golden_top.v Line: 81
    Warning (13410): Pin "DRAM_ADDR[0]" is stuck at GND File: C:/Users/Adriel Cassimiro/Documents/VFSD_proj03/DE1_SOC_golden_top.v Line: 107
    Warning (13410): Pin "DRAM_ADDR[1]" is stuck at GND File: C:/Users/Adriel Cassimiro/Documents/VFSD_proj03/DE1_SOC_golden_top.v Line: 107
    Warning (13410): Pin "DRAM_ADDR[2]" is stuck at GND File: C:/Users/Adriel Cassimiro/Documents/VFSD_proj03/DE1_SOC_golden_top.v Line: 107
    Warning (13410): Pin "DRAM_ADDR[3]" is stuck at GND File: C:/Users/Adriel Cassimiro/Documents/VFSD_proj03/DE1_SOC_golden_top.v Line: 107
    Warning (13410): Pin "DRAM_ADDR[4]" is stuck at GND File: C:/Users/Adriel Cassimiro/Documents/VFSD_proj03/DE1_SOC_golden_top.v Line: 107
    Warning (13410): Pin "DRAM_ADDR[5]" is stuck at GND File: C:/Users/Adriel Cassimiro/Documents/VFSD_proj03/DE1_SOC_golden_top.v Line: 107
    Warning (13410): Pin "DRAM_ADDR[6]" is stuck at GND File: C:/Users/Adriel Cassimiro/Documents/VFSD_proj03/DE1_SOC_golden_top.v Line: 107
    Warning (13410): Pin "DRAM_ADDR[7]" is stuck at GND File: C:/Users/Adriel Cassimiro/Documents/VFSD_proj03/DE1_SOC_golden_top.v Line: 107
    Warning (13410): Pin "DRAM_ADDR[8]" is stuck at GND File: C:/Users/Adriel Cassimiro/Documents/VFSD_proj03/DE1_SOC_golden_top.v Line: 107
    Warning (13410): Pin "DRAM_ADDR[9]" is stuck at GND File: C:/Users/Adriel Cassimiro/Documents/VFSD_proj03/DE1_SOC_golden_top.v Line: 107
    Warning (13410): Pin "DRAM_ADDR[10]" is stuck at GND File: C:/Users/Adriel Cassimiro/Documents/VFSD_proj03/DE1_SOC_golden_top.v Line: 107
    Warning (13410): Pin "DRAM_ADDR[11]" is stuck at GND File: C:/Users/Adriel Cassimiro/Documents/VFSD_proj03/DE1_SOC_golden_top.v Line: 107
    Warning (13410): Pin "DRAM_ADDR[12]" is stuck at GND File: C:/Users/Adriel Cassimiro/Documents/VFSD_proj03/DE1_SOC_golden_top.v Line: 107
    Warning (13410): Pin "DRAM_BA[0]" is stuck at GND File: C:/Users/Adriel Cassimiro/Documents/VFSD_proj03/DE1_SOC_golden_top.v Line: 108
    Warning (13410): Pin "DRAM_BA[1]" is stuck at GND File: C:/Users/Adriel Cassimiro/Documents/VFSD_proj03/DE1_SOC_golden_top.v Line: 108
    Warning (13410): Pin "DRAM_CAS_N" is stuck at GND File: C:/Users/Adriel Cassimiro/Documents/VFSD_proj03/DE1_SOC_golden_top.v Line: 109
    Warning (13410): Pin "DRAM_CKE" is stuck at GND File: C:/Users/Adriel Cassimiro/Documents/VFSD_proj03/DE1_SOC_golden_top.v Line: 110
    Warning (13410): Pin "DRAM_CLK" is stuck at GND File: C:/Users/Adriel Cassimiro/Documents/VFSD_proj03/DE1_SOC_golden_top.v Line: 111
    Warning (13410): Pin "DRAM_CS_N" is stuck at GND File: C:/Users/Adriel Cassimiro/Documents/VFSD_proj03/DE1_SOC_golden_top.v Line: 112
    Warning (13410): Pin "DRAM_LDQM" is stuck at GND File: C:/Users/Adriel Cassimiro/Documents/VFSD_proj03/DE1_SOC_golden_top.v Line: 114
    Warning (13410): Pin "DRAM_RAS_N" is stuck at GND File: C:/Users/Adriel Cassimiro/Documents/VFSD_proj03/DE1_SOC_golden_top.v Line: 115
    Warning (13410): Pin "DRAM_UDQM" is stuck at GND File: C:/Users/Adriel Cassimiro/Documents/VFSD_proj03/DE1_SOC_golden_top.v Line: 116
    Warning (13410): Pin "DRAM_WE_N" is stuck at GND File: C:/Users/Adriel Cassimiro/Documents/VFSD_proj03/DE1_SOC_golden_top.v Line: 117
    Warning (13410): Pin "FAN_CTRL" is stuck at GND File: C:/Users/Adriel Cassimiro/Documents/VFSD_proj03/DE1_SOC_golden_top.v Line: 122
    Warning (13410): Pin "FPGA_I2C_SCLK" is stuck at GND File: C:/Users/Adriel Cassimiro/Documents/VFSD_proj03/DE1_SOC_golden_top.v Line: 127
    Warning (13410): Pin "HEX3[0]" is stuck at GND File: C:/Users/Adriel Cassimiro/Documents/VFSD_proj03/DE1_SOC_golden_top.v Line: 143
    Warning (13410): Pin "HEX3[1]" is stuck at GND File: C:/Users/Adriel Cassimiro/Documents/VFSD_proj03/DE1_SOC_golden_top.v Line: 143
    Warning (13410): Pin "HEX3[2]" is stuck at GND File: C:/Users/Adriel Cassimiro/Documents/VFSD_proj03/DE1_SOC_golden_top.v Line: 143
    Warning (13410): Pin "HEX3[3]" is stuck at GND File: C:/Users/Adriel Cassimiro/Documents/VFSD_proj03/DE1_SOC_golden_top.v Line: 143
    Warning (13410): Pin "HEX3[4]" is stuck at GND File: C:/Users/Adriel Cassimiro/Documents/VFSD_proj03/DE1_SOC_golden_top.v Line: 143
    Warning (13410): Pin "HEX3[5]" is stuck at GND File: C:/Users/Adriel Cassimiro/Documents/VFSD_proj03/DE1_SOC_golden_top.v Line: 143
    Warning (13410): Pin "HEX3[6]" is stuck at GND File: C:/Users/Adriel Cassimiro/Documents/VFSD_proj03/DE1_SOC_golden_top.v Line: 143
    Warning (13410): Pin "HEX4[0]" is stuck at GND File: C:/Users/Adriel Cassimiro/Documents/VFSD_proj03/DE1_SOC_golden_top.v Line: 144
    Warning (13410): Pin "HEX4[1]" is stuck at GND File: C:/Users/Adriel Cassimiro/Documents/VFSD_proj03/DE1_SOC_golden_top.v Line: 144
    Warning (13410): Pin "HEX4[2]" is stuck at GND File: C:/Users/Adriel Cassimiro/Documents/VFSD_proj03/DE1_SOC_golden_top.v Line: 144
    Warning (13410): Pin "HEX4[3]" is stuck at GND File: C:/Users/Adriel Cassimiro/Documents/VFSD_proj03/DE1_SOC_golden_top.v Line: 144
    Warning (13410): Pin "HEX4[4]" is stuck at GND File: C:/Users/Adriel Cassimiro/Documents/VFSD_proj03/DE1_SOC_golden_top.v Line: 144
    Warning (13410): Pin "HEX4[5]" is stuck at GND File: C:/Users/Adriel Cassimiro/Documents/VFSD_proj03/DE1_SOC_golden_top.v Line: 144
    Warning (13410): Pin "HEX4[6]" is stuck at GND File: C:/Users/Adriel Cassimiro/Documents/VFSD_proj03/DE1_SOC_golden_top.v Line: 144
    Warning (13410): Pin "HEX5[0]" is stuck at GND File: C:/Users/Adriel Cassimiro/Documents/VFSD_proj03/DE1_SOC_golden_top.v Line: 145
    Warning (13410): Pin "HEX5[1]" is stuck at GND File: C:/Users/Adriel Cassimiro/Documents/VFSD_proj03/DE1_SOC_golden_top.v Line: 145
    Warning (13410): Pin "HEX5[2]" is stuck at GND File: C:/Users/Adriel Cassimiro/Documents/VFSD_proj03/DE1_SOC_golden_top.v Line: 145
    Warning (13410): Pin "HEX5[3]" is stuck at GND File: C:/Users/Adriel Cassimiro/Documents/VFSD_proj03/DE1_SOC_golden_top.v Line: 145
    Warning (13410): Pin "HEX5[4]" is stuck at GND File: C:/Users/Adriel Cassimiro/Documents/VFSD_proj03/DE1_SOC_golden_top.v Line: 145
    Warning (13410): Pin "HEX5[5]" is stuck at GND File: C:/Users/Adriel Cassimiro/Documents/VFSD_proj03/DE1_SOC_golden_top.v Line: 145
    Warning (13410): Pin "HEX5[6]" is stuck at GND File: C:/Users/Adriel Cassimiro/Documents/VFSD_proj03/DE1_SOC_golden_top.v Line: 145
    Warning (13410): Pin "IRDA_TXD" is stuck at GND File: C:/Users/Adriel Cassimiro/Documents/VFSD_proj03/DE1_SOC_golden_top.v Line: 207
    Warning (13410): Pin "LEDR[0]" is stuck at GND File: C:/Users/Adriel Cassimiro/Documents/VFSD_proj03/DE1_SOC_golden_top.v Line: 217
    Warning (13410): Pin "LEDR[1]" is stuck at GND File: C:/Users/Adriel Cassimiro/Documents/VFSD_proj03/DE1_SOC_golden_top.v Line: 217
    Warning (13410): Pin "LEDR[2]" is stuck at GND File: C:/Users/Adriel Cassimiro/Documents/VFSD_proj03/DE1_SOC_golden_top.v Line: 217
    Warning (13410): Pin "LEDR[3]" is stuck at GND File: C:/Users/Adriel Cassimiro/Documents/VFSD_proj03/DE1_SOC_golden_top.v Line: 217
    Warning (13410): Pin "LEDR[4]" is stuck at GND File: C:/Users/Adriel Cassimiro/Documents/VFSD_proj03/DE1_SOC_golden_top.v Line: 217
    Warning (13410): Pin "LEDR[5]" is stuck at GND File: C:/Users/Adriel Cassimiro/Documents/VFSD_proj03/DE1_SOC_golden_top.v Line: 217
    Warning (13410): Pin "LEDR[6]" is stuck at GND File: C:/Users/Adriel Cassimiro/Documents/VFSD_proj03/DE1_SOC_golden_top.v Line: 217
    Warning (13410): Pin "LEDR[7]" is stuck at GND File: C:/Users/Adriel Cassimiro/Documents/VFSD_proj03/DE1_SOC_golden_top.v Line: 217
    Warning (13410): Pin "LEDR[8]" is stuck at GND File: C:/Users/Adriel Cassimiro/Documents/VFSD_proj03/DE1_SOC_golden_top.v Line: 217
    Warning (13410): Pin "LEDR[9]" is stuck at GND File: C:/Users/Adriel Cassimiro/Documents/VFSD_proj03/DE1_SOC_golden_top.v Line: 217
    Warning (13410): Pin "TD_RESET_N" is stuck at GND File: C:/Users/Adriel Cassimiro/Documents/VFSD_proj03/DE1_SOC_golden_top.v Line: 238
    Warning (13410): Pin "VGA_B[0]" is stuck at GND File: C:/Users/Adriel Cassimiro/Documents/VFSD_proj03/DE1_SOC_golden_top.v Line: 244
    Warning (13410): Pin "VGA_B[1]" is stuck at GND File: C:/Users/Adriel Cassimiro/Documents/VFSD_proj03/DE1_SOC_golden_top.v Line: 244
    Warning (13410): Pin "VGA_B[2]" is stuck at GND File: C:/Users/Adriel Cassimiro/Documents/VFSD_proj03/DE1_SOC_golden_top.v Line: 244
    Warning (13410): Pin "VGA_B[3]" is stuck at GND File: C:/Users/Adriel Cassimiro/Documents/VFSD_proj03/DE1_SOC_golden_top.v Line: 244
    Warning (13410): Pin "VGA_B[4]" is stuck at GND File: C:/Users/Adriel Cassimiro/Documents/VFSD_proj03/DE1_SOC_golden_top.v Line: 244
    Warning (13410): Pin "VGA_B[5]" is stuck at GND File: C:/Users/Adriel Cassimiro/Documents/VFSD_proj03/DE1_SOC_golden_top.v Line: 244
    Warning (13410): Pin "VGA_B[6]" is stuck at GND File: C:/Users/Adriel Cassimiro/Documents/VFSD_proj03/DE1_SOC_golden_top.v Line: 244
    Warning (13410): Pin "VGA_B[7]" is stuck at GND File: C:/Users/Adriel Cassimiro/Documents/VFSD_proj03/DE1_SOC_golden_top.v Line: 244
    Warning (13410): Pin "VGA_BLANK_N" is stuck at GND File: C:/Users/Adriel Cassimiro/Documents/VFSD_proj03/DE1_SOC_golden_top.v Line: 245
    Warning (13410): Pin "VGA_CLK" is stuck at GND File: C:/Users/Adriel Cassimiro/Documents/VFSD_proj03/DE1_SOC_golden_top.v Line: 246
    Warning (13410): Pin "VGA_G[0]" is stuck at GND File: C:/Users/Adriel Cassimiro/Documents/VFSD_proj03/DE1_SOC_golden_top.v Line: 247
    Warning (13410): Pin "VGA_G[1]" is stuck at GND File: C:/Users/Adriel Cassimiro/Documents/VFSD_proj03/DE1_SOC_golden_top.v Line: 247
    Warning (13410): Pin "VGA_G[2]" is stuck at GND File: C:/Users/Adriel Cassimiro/Documents/VFSD_proj03/DE1_SOC_golden_top.v Line: 247
    Warning (13410): Pin "VGA_G[3]" is stuck at GND File: C:/Users/Adriel Cassimiro/Documents/VFSD_proj03/DE1_SOC_golden_top.v Line: 247
    Warning (13410): Pin "VGA_G[4]" is stuck at GND File: C:/Users/Adriel Cassimiro/Documents/VFSD_proj03/DE1_SOC_golden_top.v Line: 247
    Warning (13410): Pin "VGA_G[5]" is stuck at GND File: C:/Users/Adriel Cassimiro/Documents/VFSD_proj03/DE1_SOC_golden_top.v Line: 247
    Warning (13410): Pin "VGA_G[6]" is stuck at GND File: C:/Users/Adriel Cassimiro/Documents/VFSD_proj03/DE1_SOC_golden_top.v Line: 247
    Warning (13410): Pin "VGA_G[7]" is stuck at GND File: C:/Users/Adriel Cassimiro/Documents/VFSD_proj03/DE1_SOC_golden_top.v Line: 247
    Warning (13410): Pin "VGA_HS" is stuck at GND File: C:/Users/Adriel Cassimiro/Documents/VFSD_proj03/DE1_SOC_golden_top.v Line: 248
    Warning (13410): Pin "VGA_R[0]" is stuck at GND File: C:/Users/Adriel Cassimiro/Documents/VFSD_proj03/DE1_SOC_golden_top.v Line: 249
    Warning (13410): Pin "VGA_R[1]" is stuck at GND File: C:/Users/Adriel Cassimiro/Documents/VFSD_proj03/DE1_SOC_golden_top.v Line: 249
    Warning (13410): Pin "VGA_R[2]" is stuck at GND File: C:/Users/Adriel Cassimiro/Documents/VFSD_proj03/DE1_SOC_golden_top.v Line: 249
    Warning (13410): Pin "VGA_R[3]" is stuck at GND File: C:/Users/Adriel Cassimiro/Documents/VFSD_proj03/DE1_SOC_golden_top.v Line: 249
    Warning (13410): Pin "VGA_R[4]" is stuck at GND File: C:/Users/Adriel Cassimiro/Documents/VFSD_proj03/DE1_SOC_golden_top.v Line: 249
    Warning (13410): Pin "VGA_R[5]" is stuck at GND File: C:/Users/Adriel Cassimiro/Documents/VFSD_proj03/DE1_SOC_golden_top.v Line: 249
    Warning (13410): Pin "VGA_R[6]" is stuck at GND File: C:/Users/Adriel Cassimiro/Documents/VFSD_proj03/DE1_SOC_golden_top.v Line: 249
    Warning (13410): Pin "VGA_R[7]" is stuck at GND File: C:/Users/Adriel Cassimiro/Documents/VFSD_proj03/DE1_SOC_golden_top.v Line: 249
    Warning (13410): Pin "VGA_SYNC_N" is stuck at GND File: C:/Users/Adriel Cassimiro/Documents/VFSD_proj03/DE1_SOC_golden_top.v Line: 250
    Warning (13410): Pin "VGA_VS" is stuck at GND File: C:/Users/Adriel Cassimiro/Documents/VFSD_proj03/DE1_SOC_golden_top.v Line: 253
Info (286030): Timing-Driven Synthesis is running
Info (17049): 1 registers lost all their fanouts during netlist optimizations.
Info (144001): Generated suppressed messages file C:/Users/Adriel Cassimiro/Documents/VFSD_proj03/output_files/adc.map.smsg
Info (16010): Generating hard_block partition "hard_block:auto_generated_inst"
    Info (16011): Adding 0 node(s), including 0 DDIO, 0 PLL, 0 transceiver and 0 LCELL
Warning (21074): Design contains 23 input pin(s) that do not drive logic
    Warning (15610): No output dependent on input pin "AUD_ADCDAT" File: C:/Users/Adriel Cassimiro/Documents/VFSD_proj03/DE1_SOC_golden_top.v Line: 76
    Warning (15610): No output dependent on input pin "CLOCK2_50" File: C:/Users/Adriel Cassimiro/Documents/VFSD_proj03/DE1_SOC_golden_top.v Line: 87
    Warning (15610): No output dependent on input pin "CLOCK3_50" File: C:/Users/Adriel Cassimiro/Documents/VFSD_proj03/DE1_SOC_golden_top.v Line: 92
    Warning (15610): No output dependent on input pin "CLOCK4_50" File: C:/Users/Adriel Cassimiro/Documents/VFSD_proj03/DE1_SOC_golden_top.v Line: 97
    Warning (15610): No output dependent on input pin "IRDA_RXD" File: C:/Users/Adriel Cassimiro/Documents/VFSD_proj03/DE1_SOC_golden_top.v Line: 206
    Warning (15610): No output dependent on input pin "KEY[1]" File: C:/Users/Adriel Cassimiro/Documents/VFSD_proj03/DE1_SOC_golden_top.v Line: 212
    Warning (15610): No output dependent on input pin "KEY[2]" File: C:/Users/Adriel Cassimiro/Documents/VFSD_proj03/DE1_SOC_golden_top.v Line: 212
    Warning (15610): No output dependent on input pin "KEY[3]" File: C:/Users/Adriel Cassimiro/Documents/VFSD_proj03/DE1_SOC_golden_top.v Line: 212
    Warning (15610): No output dependent on input pin "SW[6]" File: C:/Users/Adriel Cassimiro/Documents/VFSD_proj03/DE1_SOC_golden_top.v Line: 230
    Warning (15610): No output dependent on input pin "SW[7]" File: C:/Users/Adriel Cassimiro/Documents/VFSD_proj03/DE1_SOC_golden_top.v Line: 230
    Warning (15610): No output dependent on input pin "SW[8]" File: C:/Users/Adriel Cassimiro/Documents/VFSD_proj03/DE1_SOC_golden_top.v Line: 230
    Warning (15610): No output dependent on input pin "SW[9]" File: C:/Users/Adriel Cassimiro/Documents/VFSD_proj03/DE1_SOC_golden_top.v Line: 230
    Warning (15610): No output dependent on input pin "TD_CLK27" File: C:/Users/Adriel Cassimiro/Documents/VFSD_proj03/DE1_SOC_golden_top.v Line: 235
    Warning (15610): No output dependent on input pin "TD_DATA[0]" File: C:/Users/Adriel Cassimiro/Documents/VFSD_proj03/DE1_SOC_golden_top.v Line: 236
    Warning (15610): No output dependent on input pin "TD_DATA[1]" File: C:/Users/Adriel Cassimiro/Documents/VFSD_proj03/DE1_SOC_golden_top.v Line: 236
    Warning (15610): No output dependent on input pin "TD_DATA[2]" File: C:/Users/Adriel Cassimiro/Documents/VFSD_proj03/DE1_SOC_golden_top.v Line: 236
    Warning (15610): No output dependent on input pin "TD_DATA[3]" File: C:/Users/Adriel Cassimiro/Documents/VFSD_proj03/DE1_SOC_golden_top.v Line: 236
    Warning (15610): No output dependent on input pin "TD_DATA[4]" File: C:/Users/Adriel Cassimiro/Documents/VFSD_proj03/DE1_SOC_golden_top.v Line: 236
    Warning (15610): No output dependent on input pin "TD_DATA[5]" File: C:/Users/Adriel Cassimiro/Documents/VFSD_proj03/DE1_SOC_golden_top.v Line: 236
    Warning (15610): No output dependent on input pin "TD_DATA[6]" File: C:/Users/Adriel Cassimiro/Documents/VFSD_proj03/DE1_SOC_golden_top.v Line: 236
    Warning (15610): No output dependent on input pin "TD_DATA[7]" File: C:/Users/Adriel Cassimiro/Documents/VFSD_proj03/DE1_SOC_golden_top.v Line: 236
    Warning (15610): No output dependent on input pin "TD_HS" File: C:/Users/Adriel Cassimiro/Documents/VFSD_proj03/DE1_SOC_golden_top.v Line: 237
    Warning (15610): No output dependent on input pin "TD_VS" File: C:/Users/Adriel Cassimiro/Documents/VFSD_proj03/DE1_SOC_golden_top.v Line: 239
Info (21057): Implemented 334 device resources after synthesis - the final resource count might be different
    Info (21058): Implemented 32 input pins
    Info (21059): Implemented 113 output pins
    Info (21060): Implemented 96 bidirectional pins
    Info (21061): Implemented 93 logic cells
Info: Quartus Prime Analysis & Synthesis was successful. 0 errors, 244 warnings
    Info: Peak virtual memory: 4884 megabytes
    Info: Processing ended: Mon Jun 19 15:18:23 2023
    Info: Elapsed time: 00:00:19
    Info: Total CPU time (on all processors): 00:00:20


+------------------------------------------+
; Analysis & Synthesis Suppressed Messages ;
+------------------------------------------+
The suppressed messages can be found in C:/Users/Adriel Cassimiro/Documents/VFSD_proj03/output_files/adc.map.smsg.


